Analysis & Synthesis report for Estacionamento
Tue Jan 16 16:08:57 2018
Quartus II Version 9.0 Build 235 06/17/2009 Service Pack 2 SJ Web Edition


---------------------
; Table of Contents ;
---------------------
  1. Legal Notice
  2. Analysis & Synthesis Summary
  3. Analysis & Synthesis Settings
  4. Analysis & Synthesis Source Files Read
  5. Analysis & Synthesis Resource Usage Summary
  6. Analysis & Synthesis Resource Utilization by Entity
  7. Registers Removed During Synthesis
  8. General Register Statistics
  9. Inverted Register Statistics
 10. Parameter Settings for User Entity Instance: Divisor:inst11|74161:inst116
 11. Parameter Settings for User Entity Instance: Divisor:inst11|74161:inst114
 12. Parameter Settings for User Entity Instance: Divisor:inst11|74161:inst112
 13. Parameter Settings for User Entity Instance: Divisor:inst11|74161:inst113
 14. Parameter Settings for User Entity Instance: Estacionamento:inst1|ComparadorA:inst32|Comparador:inst1|7485:inst1
 15. Parameter Settings for User Entity Instance: Estacionamento:inst1|ComparadorA:inst32|Comparador:inst1|7485:inst
 16. Parameter Settings for User Entity Instance: Estacionamento:inst1|ComparadorA:inst32|Comparador:inst2|7485:inst1
 17. Parameter Settings for User Entity Instance: Estacionamento:inst1|ComparadorA:inst32|Comparador:inst2|7485:inst
 18. Parameter Settings for User Entity Instance: Estacionamento:inst1|ComparadorA:inst32|Comparador:inst3|7485:inst1
 19. Parameter Settings for User Entity Instance: Estacionamento:inst1|ComparadorA:inst32|Comparador:inst3|7485:inst
 20. Parameter Settings for User Entity Instance: seletor:inst|74161:inst118
 21. Parameter Settings for User Entity Instance: seletor:inst|74161:inst117
 22. Analysis & Synthesis Messages



----------------
; Legal Notice ;
----------------
Copyright (C) 1991-2009 Altera Corporation
Your use of Altera Corporation's design tools, logic functions 
and other software and tools, and its AMPP partner logic 
functions, and any output files from any of the foregoing 
(including device programming or simulation files), and any 
associated documentation or information are expressly subject 
to the terms and conditions of the Altera Program License 
Subscription Agreement, Altera MegaCore Function License 
Agreement, or other applicable license agreement, including, 
without limitation, that your use is for the sole purpose of 
programming logic devices manufactured by Altera and sold by 
Altera or its authorized distributors.  Please refer to the 
applicable agreement for further details.



+----------------------------------------------------------------------------+
; Analysis & Synthesis Summary                                               ;
+-----------------------------+----------------------------------------------+
; Analysis & Synthesis Status ; Successful - Tue Jan 16 16:08:57 2018        ;
; Quartus II Version          ; 9.0 Build 235 06/17/2009 SP 2 SJ Web Edition ;
; Revision Name               ; Estacionamento                               ;
; Top-level Entity Name       ; Garagem                                      ;
; Family                      ; ACEX1K                                       ;
; Total logic elements        ; 283                                          ;
; Total pins                  ; 35                                           ;
; Total memory bits           ; 0                                            ;
; Total PLLs                  ; 0                                            ;
+-----------------------------+----------------------------------------------+


+------------------------------------------------------------------------------------------------+
; Analysis & Synthesis Settings                                                                  ;
+--------------------------------------------------------------+----------------+----------------+
; Option                                                       ; Setting        ; Default Value  ;
+--------------------------------------------------------------+----------------+----------------+
; Device                                                       ; EP1K100QC208-3 ;                ;
; Top-level entity name                                        ; Garagem        ; Estacionamento ;
; Family name                                                  ; ACEX1K         ; Stratix II     ;
; Use Generated Physical Constraints File                      ; Off            ;                ;
; Use smart compilation                                        ; Off            ; Off            ;
; Create Debugging Nodes for IP Cores                          ; Off            ; Off            ;
; Preserve fewer node names                                    ; On             ; On             ;
; Disable OpenCore Plus hardware evaluation                    ; Off            ; Off            ;
; Verilog Version                                              ; Verilog_2001   ; Verilog_2001   ;
; VHDL Version                                                 ; VHDL93         ; VHDL93         ;
; State Machine Processing                                     ; Auto           ; Auto           ;
; Safe State Machine                                           ; Off            ; Off            ;
; Extract Verilog State Machines                               ; On             ; On             ;
; Extract VHDL State Machines                                  ; On             ; On             ;
; Ignore Verilog initial constructs                            ; Off            ; Off            ;
; Iteration limit for constant Verilog loops                   ; 5000           ; 5000           ;
; Iteration limit for non-constant Verilog loops               ; 250            ; 250            ;
; Add Pass-Through Logic to Inferred RAMs                      ; On             ; On             ;
; Parallel Synthesis                                           ; Off            ; Off            ;
; NOT Gate Push-Back                                           ; On             ; On             ;
; Power-Up Don't Care                                          ; On             ; On             ;
; Remove Redundant Logic Cells                                 ; Off            ; Off            ;
; Remove Duplicate Registers                                   ; On             ; On             ;
; Ignore CARRY Buffers                                         ; Off            ; Off            ;
; Ignore CASCADE Buffers                                       ; Off            ; Off            ;
; Ignore GLOBAL Buffers                                        ; Off            ; Off            ;
; Ignore ROW GLOBAL Buffers                                    ; Off            ; Off            ;
; Ignore LCELL Buffers                                         ; Off            ; Off            ;
; Ignore SOFT Buffers                                          ; On             ; On             ;
; Limit AHDL Integers to 32 Bits                               ; Off            ; Off            ;
; Auto Implement in ROM                                        ; Off            ; Off            ;
; Optimization Technique                                       ; Area           ; Area           ;
; Carry Chain Length                                           ; 32             ; 32             ;
; Cascade Chain Length                                         ; 2              ; 2              ;
; Auto Carry Chains                                            ; On             ; On             ;
; Auto Open-Drain Pins                                         ; On             ; On             ;
; Auto ROM Replacement                                         ; On             ; On             ;
; Auto RAM Replacement                                         ; On             ; On             ;
; Auto Clock Enable Replacement                                ; On             ; On             ;
; Strict RAM Replacement                                       ; Off            ; Off            ;
; Auto Resource Sharing                                        ; Off            ; Off            ;
; Allow Any RAM Size For Recognition                           ; Off            ; Off            ;
; Allow Any ROM Size For Recognition                           ; Off            ; Off            ;
; Use LogicLock Constraints during Resource Balancing          ; On             ; On             ;
; Ignore translate_off and synthesis_off directives            ; Off            ; Off            ;
; Show Parameter Settings Tables in Synthesis Report           ; On             ; On             ;
; HDL message level                                            ; Level2         ; Level2         ;
; Suppress Register Optimization Related Messages              ; Off            ; Off            ;
; Number of Removed Registers Reported in Synthesis Report     ; 100            ; 100            ;
; Number of Inverted Registers Reported in Synthesis Report    ; 100            ; 100            ;
; Block Design Naming                                          ; Auto           ; Auto           ;
; Synthesis Effort                                             ; Auto           ; Auto           ;
; Shift Register Replacement - Allow Asynchronous Clear Signal ; On             ; On             ;
; Analysis & Synthesis Message Level                           ; Medium         ; Medium         ;
+--------------------------------------------------------------+----------------+----------------+


+-----------------------------------------------------------------------------------------------------------------------------------------------------------------------------------------+
; Analysis & Synthesis Source Files Read                                                                                                                                                  ;
+----------------------------------+-----------------+------------------------------------------+-----------------------------------------------------------------------------------------+
; File Name with User-Entered Path ; Used in Netlist ; File Type                                ; File Name with Absolute Path                                                            ;
+----------------------------------+-----------------+------------------------------------------+-----------------------------------------------------------------------------------------+
; Estacionamento.bdf               ; yes             ; User Block Diagram/Schematic File        ; C:/Users/Gabriel Yago M/Desktop/2017.2/CD_2017.2/PBLs/2/PBL2/Estacionamento.bdf         ;
; Garagem.bdf                      ; yes             ; User Block Diagram/Schematic File        ; C:/Users/Gabriel Yago M/Desktop/2017.2/CD_2017.2/PBLs/2/PBL2/Garagem.bdf                ;
; Pedagio.bdf                      ; yes             ; User Block Diagram/Schematic File        ; C:/Users/Gabriel Yago M/Desktop/2017.2/CD_2017.2/PBLs/2/PBL2/Pedagio.bdf                ;
; Comparador.bdf                   ; yes             ; User Block Diagram/Schematic File        ; C:/Users/Gabriel Yago M/Desktop/2017.2/CD_2017.2/PBLs/2/PBL2/Comparador.bdf             ;
; ComparadorA.bdf                  ; yes             ; User Block Diagram/Schematic File        ; C:/Users/Gabriel Yago M/Desktop/2017.2/CD_2017.2/PBLs/2/PBL2/ComparadorA.bdf            ;
; Debouncer.bdf                    ; yes             ; User Block Diagram/Schematic File        ; C:/Users/Gabriel Yago M/Desktop/2017.2/CD_2017.2/PBLs/2/PBL2/Debouncer.bdf              ;
; Decoders.bdf                     ; yes             ; User Block Diagram/Schematic File        ; C:/Users/Gabriel Yago M/Desktop/2017.2/CD_2017.2/PBLs/2/PBL2/Decoders.bdf               ;
; seletor2.bdf                     ; yes             ; User Block Diagram/Schematic File        ; C:/Users/Gabriel Yago M/Desktop/2017.2/CD_2017.2/PBLs/2/PBL2/seletor2.bdf               ;
; 74139o.bdf                       ; yes             ; Megafunction                             ; c:/altera/90sp2/quartus/libraries/others/maxplus2/74139o.bdf                            ;
; Divisor.bdf                      ; yes             ; Auto-Found Block Diagram/Schematic File  ; C:/Users/Gabriel Yago M/Desktop/2017.2/CD_2017.2/PBLs/2/PBL2/Divisor.bdf                ;
; 74161.tdf                        ; yes             ; Megafunction                             ; c:/altera/90sp2/quartus/libraries/others/maxplus2/74161.tdf                             ;
; aglobal.inc                      ; yes             ; Megafunction                             ; c:/altera/90sp2/quartus/libraries/megafunctions/aglobal.inc                             ;
; f74161.bdf                       ; yes             ; Megafunction                             ; c:/altera/90sp2/quartus/libraries/others/maxplus2/f74161.bdf                            ;
; 7449.bdf                         ; yes             ; Megafunction                             ; c:/altera/90sp2/quartus/libraries/others/maxplus2/7449.bdf                              ;
; MUX.bdf                          ; yes             ; Auto-Found Block Diagram/Schematic File  ; C:/Users/Gabriel Yago M/Desktop/2017.2/CD_2017.2/PBLs/2/PBL2/MUX.bdf                    ;
; 74173.bdf                        ; yes             ; Megafunction                             ; c:/altera/90sp2/quartus/libraries/others/maxplus2/74173.bdf                             ;
; 74190.bdf                        ; yes             ; Megafunction                             ; c:/altera/90sp2/quartus/libraries/others/maxplus2/74190.bdf                             ;
; 7485.tdf                         ; yes             ; Megafunction                             ; c:/altera/90sp2/quartus/libraries/others/maxplus2/7485.tdf                              ;
; f7485.bdf                        ; yes             ; Megafunction                             ; c:/altera/90sp2/quartus/libraries/others/maxplus2/f7485.bdf                             ;
; 74138.bdf                        ; yes             ; Megafunction                             ; c:/altera/90sp2/quartus/libraries/others/maxplus2/74138.bdf                             ;
; seletor.bdf                      ; yes             ; Auto-Found Block Diagram/Schematic File  ; C:/Users/Gabriel Yago M/Desktop/2017.2/CD_2017.2/PBLs/2/PBL2/seletor.bdf                ;
; LetrasMatriz.bdf                 ; yes             ; Auto-Found Block Diagram/Schematic File  ; C:/Users/Gabriel Yago M/Desktop/2017.2/CD_2017.2/PBLs/2/PBL2/LetrasMatriz.bdf           ;
; GerenciadorLinhaColuna.bdf       ; yes             ; Auto-Found Block Diagram/Schematic File  ; C:/Users/Gabriel Yago M/Desktop/2017.2/CD_2017.2/PBLs/2/PBL2/GerenciadorLinhaColuna.bdf ;
; MuxLetras.bdf                    ; yes             ; Auto-Found Block Diagram/Schematic File  ; C:/Users/Gabriel Yago M/Desktop/2017.2/CD_2017.2/PBLs/2/PBL2/MuxLetras.bdf              ;
; LetraA.bdf                       ; yes             ; Auto-Found Block Diagram/Schematic File  ; C:/Users/Gabriel Yago M/Desktop/2017.2/CD_2017.2/PBLs/2/PBL2/LetraA.bdf                 ;
; LetraB.bdf                       ; yes             ; Auto-Found Block Diagram/Schematic File  ; C:/Users/Gabriel Yago M/Desktop/2017.2/CD_2017.2/PBLs/2/PBL2/LetraB.bdf                 ;
; LetraC.bdf                       ; yes             ; Auto-Found Block Diagram/Schematic File  ; C:/Users/Gabriel Yago M/Desktop/2017.2/CD_2017.2/PBLs/2/PBL2/LetraC.bdf                 ;
+----------------------------------+-----------------+------------------------------------------+-----------------------------------------------------------------------------------------+


+------------------------------------------------------------+
; Analysis & Synthesis Resource Usage Summary                ;
+-----------------------------------+------------------------+
; Resource                          ; Usage                  ;
+-----------------------------------+------------------------+
; Total logic elements              ; 283                    ;
; Total combinational functions     ; 250                    ;
;     -- Total 4-input functions    ; 126                    ;
;     -- Total 3-input functions    ; 30                     ;
;     -- Total 2-input functions    ; 37                     ;
;     -- Total 1-input functions    ; 53                     ;
;     -- Total 0-input functions    ; 4                      ;
; Total registers                   ; 113                    ;
; Total logic cells in carry chains ; 5                      ;
; I/O pins                          ; 35                     ;
; Maximum fan-out node              ; Divisor:inst11|inst103 ;
; Maximum fan-out                   ; 53                     ;
; Total fan-out                     ; 949                    ;
; Average fan-out                   ; 2.98                   ;
+-----------------------------------+------------------------+


+------------------------------------------------------------------------------------------------------------------------------------------------------------------------------------------------------------------------------------------------------------------------------------+
; Analysis & Synthesis Resource Utilization by Entity                                                                                                                                                                                                                                ;
+-------------------------------------+-------------+--------------+-------------+------+--------------+-------------------+------------------+-----------------+------------+----------------------------------------------------------------------------------------+--------------+
; Compilation Hierarchy Node          ; Logic Cells ; LC Registers ; Memory Bits ; Pins ; LUT-Only LCs ; Register-Only LCs ; LUT/Register LCs ; Carry Chain LCs ; Packed LCs ; Full Hierarchy Name                                                                    ; Library Name ;
+-------------------------------------+-------------+--------------+-------------+------+--------------+-------------------+------------------+-----------------+------------+----------------------------------------------------------------------------------------+--------------+
; |Garagem                            ; 283 (0)     ; 113          ; 0           ; 35   ; 170 (0)      ; 33 (0)            ; 80 (0)           ; 5 (0)           ; 0 (0)      ; |Garagem                                                                               ; work         ;
;    |74139o:inst6|                   ; 3 (3)       ; 0            ; 0           ; 0    ; 3 (3)        ; 0 (0)             ; 0 (0)            ; 0 (0)           ; 0 (0)      ; |Garagem|74139o:inst6                                                                  ; work         ;
;    |7449:inst5|                     ; 7 (7)       ; 0            ; 0           ; 0    ; 7 (7)        ; 0 (0)             ; 0 (0)            ; 0 (0)           ; 0 (0)      ; |Garagem|7449:inst5                                                                    ; work         ;
;    |Debouncer:inst10|               ; 5 (5)       ; 4            ; 0           ; 0    ; 1 (1)        ; 4 (4)             ; 0 (0)            ; 0 (0)           ; 0 (0)      ; |Garagem|Debouncer:inst10                                                              ; work         ;
;    |Divisor:inst11|                 ; 40 (39)     ; 40           ; 0           ; 0    ; 0 (0)        ; 0 (0)             ; 40 (39)          ; 0 (0)           ; 0 (0)      ; |Garagem|Divisor:inst11                                                                ; work         ;
;       |74161:inst114|               ; 1 (0)       ; 1            ; 0           ; 0    ; 0 (0)        ; 0 (0)             ; 1 (0)            ; 0 (0)           ; 0 (0)      ; |Garagem|Divisor:inst11|74161:inst114                                                  ; work         ;
;          |f74161:sub|               ; 1 (1)       ; 1            ; 0           ; 0    ; 0 (0)        ; 0 (0)             ; 1 (1)            ; 0 (0)           ; 0 (0)      ; |Garagem|Divisor:inst11|74161:inst114|f74161:sub                                       ; work         ;
;    |Estacionamento:inst1|           ; 179 (9)     ; 60           ; 0           ; 0    ; 119 (9)      ; 29 (0)            ; 31 (0)           ; 0 (0)           ; 0 (0)      ; |Garagem|Estacionamento:inst1                                                          ; work         ;
;       |74173:inst27|                ; 4 (4)       ; 4            ; 0           ; 0    ; 0 (0)        ; 4 (4)             ; 0 (0)            ; 0 (0)           ; 0 (0)      ; |Garagem|Estacionamento:inst1|74173:inst27                                             ; work         ;
;       |74173:inst28|                ; 4 (4)       ; 4            ; 0           ; 0    ; 0 (0)        ; 2 (2)             ; 2 (2)            ; 0 (0)           ; 0 (0)      ; |Garagem|Estacionamento:inst1|74173:inst28                                             ; work         ;
;       |74173:inst29|                ; 4 (4)       ; 4            ; 0           ; 0    ; 0 (0)        ; 3 (3)             ; 1 (1)            ; 0 (0)           ; 0 (0)      ; |Garagem|Estacionamento:inst1|74173:inst29                                             ; work         ;
;       |74173:inst30|                ; 4 (4)       ; 4            ; 0           ; 0    ; 0 (0)        ; 4 (4)             ; 0 (0)            ; 0 (0)           ; 0 (0)      ; |Garagem|Estacionamento:inst1|74173:inst30                                             ; work         ;
;       |74173:inst31|                ; 4 (4)       ; 4            ; 0           ; 0    ; 0 (0)        ; 4 (4)             ; 0 (0)            ; 0 (0)           ; 0 (0)      ; |Garagem|Estacionamento:inst1|74173:inst31                                             ; work         ;
;       |74173:inst33|                ; 4 (4)       ; 4            ; 0           ; 0    ; 0 (0)        ; 3 (3)             ; 1 (1)            ; 0 (0)           ; 0 (0)      ; |Garagem|Estacionamento:inst1|74173:inst33                                             ; work         ;
;       |74190:ones61|                ; 13 (13)     ; 4            ; 0           ; 0    ; 9 (9)        ; 0 (0)             ; 4 (4)            ; 0 (0)           ; 0 (0)      ; |Garagem|Estacionamento:inst1|74190:ones61                                             ; work         ;
;       |74190:ones62|                ; 13 (13)     ; 4            ; 0           ; 0    ; 9 (9)        ; 0 (0)             ; 4 (4)            ; 0 (0)           ; 0 (0)      ; |Garagem|Estacionamento:inst1|74190:ones62                                             ; work         ;
;       |74190:ones|                  ; 13 (13)     ; 4            ; 0           ; 0    ; 9 (9)        ; 0 (0)             ; 4 (4)            ; 0 (0)           ; 0 (0)      ; |Garagem|Estacionamento:inst1|74190:ones                                               ; work         ;
;       |74190:tens62|                ; 9 (9)       ; 4            ; 0           ; 0    ; 5 (5)        ; 0 (0)             ; 4 (4)            ; 0 (0)           ; 0 (0)      ; |Garagem|Estacionamento:inst1|74190:tens62                                             ; work         ;
;       |74190:tens63|                ; 10 (10)     ; 4            ; 0           ; 0    ; 6 (6)        ; 0 (0)             ; 4 (4)            ; 0 (0)           ; 0 (0)      ; |Garagem|Estacionamento:inst1|74190:tens63                                             ; work         ;
;       |74190:tens|                  ; 10 (10)     ; 4            ; 0           ; 0    ; 6 (6)        ; 0 (0)             ; 4 (4)            ; 0 (0)           ; 0 (0)      ; |Garagem|Estacionamento:inst1|74190:tens                                               ; work         ;
;       |ComparadorA:inst32|          ; 63 (0)      ; 0            ; 0           ; 0    ; 63 (0)       ; 0 (0)             ; 0 (0)            ; 0 (0)           ; 0 (0)      ; |Garagem|Estacionamento:inst1|ComparadorA:inst32                                       ; work         ;
;          |Comparador:inst1|         ; 14 (0)      ; 0            ; 0           ; 0    ; 14 (0)       ; 0 (0)             ; 0 (0)            ; 0 (0)           ; 0 (0)      ; |Garagem|Estacionamento:inst1|ComparadorA:inst32|Comparador:inst1                      ; work         ;
;             |7485:inst1|            ; 8 (0)       ; 0            ; 0           ; 0    ; 8 (0)        ; 0 (0)             ; 0 (0)            ; 0 (0)           ; 0 (0)      ; |Garagem|Estacionamento:inst1|ComparadorA:inst32|Comparador:inst1|7485:inst1           ; work         ;
;                |f7485:sub|          ; 8 (8)       ; 0            ; 0           ; 0    ; 8 (8)        ; 0 (0)             ; 0 (0)            ; 0 (0)           ; 0 (0)      ; |Garagem|Estacionamento:inst1|ComparadorA:inst32|Comparador:inst1|7485:inst1|f7485:sub ; work         ;
;             |7485:inst|             ; 6 (0)       ; 0            ; 0           ; 0    ; 6 (0)        ; 0 (0)             ; 0 (0)            ; 0 (0)           ; 0 (0)      ; |Garagem|Estacionamento:inst1|ComparadorA:inst32|Comparador:inst1|7485:inst            ; work         ;
;                |f7485:sub|          ; 6 (6)       ; 0            ; 0           ; 0    ; 6 (6)        ; 0 (0)             ; 0 (0)            ; 0 (0)           ; 0 (0)      ; |Garagem|Estacionamento:inst1|ComparadorA:inst32|Comparador:inst1|7485:inst|f7485:sub  ; work         ;
;          |Comparador:inst2|         ; 12 (0)      ; 0            ; 0           ; 0    ; 12 (0)       ; 0 (0)             ; 0 (0)            ; 0 (0)           ; 0 (0)      ; |Garagem|Estacionamento:inst1|ComparadorA:inst32|Comparador:inst2                      ; work         ;
;             |7485:inst1|            ; 6 (0)       ; 0            ; 0           ; 0    ; 6 (0)        ; 0 (0)             ; 0 (0)            ; 0 (0)           ; 0 (0)      ; |Garagem|Estacionamento:inst1|ComparadorA:inst32|Comparador:inst2|7485:inst1           ; work         ;
;                |f7485:sub|          ; 6 (6)       ; 0            ; 0           ; 0    ; 6 (6)        ; 0 (0)             ; 0 (0)            ; 0 (0)           ; 0 (0)      ; |Garagem|Estacionamento:inst1|ComparadorA:inst32|Comparador:inst2|7485:inst1|f7485:sub ; work         ;
;             |7485:inst|             ; 6 (0)       ; 0            ; 0           ; 0    ; 6 (0)        ; 0 (0)             ; 0 (0)            ; 0 (0)           ; 0 (0)      ; |Garagem|Estacionamento:inst1|ComparadorA:inst32|Comparador:inst2|7485:inst            ; work         ;
;                |f7485:sub|          ; 6 (6)       ; 0            ; 0           ; 0    ; 6 (6)        ; 0 (0)             ; 0 (0)            ; 0 (0)           ; 0 (0)      ; |Garagem|Estacionamento:inst1|ComparadorA:inst32|Comparador:inst2|7485:inst|f7485:sub  ; work         ;
;          |Comparador:inst3|         ; 12 (0)      ; 0            ; 0           ; 0    ; 12 (0)       ; 0 (0)             ; 0 (0)            ; 0 (0)           ; 0 (0)      ; |Garagem|Estacionamento:inst1|ComparadorA:inst32|Comparador:inst3                      ; work         ;
;             |7485:inst1|            ; 6 (0)       ; 0            ; 0           ; 0    ; 6 (0)        ; 0 (0)             ; 0 (0)            ; 0 (0)           ; 0 (0)      ; |Garagem|Estacionamento:inst1|ComparadorA:inst32|Comparador:inst3|7485:inst1           ; work         ;
;                |f7485:sub|          ; 6 (6)       ; 0            ; 0           ; 0    ; 6 (6)        ; 0 (0)             ; 0 (0)            ; 0 (0)           ; 0 (0)      ; |Garagem|Estacionamento:inst1|ComparadorA:inst32|Comparador:inst3|7485:inst1|f7485:sub ; work         ;
;             |7485:inst|             ; 6 (0)       ; 0            ; 0           ; 0    ; 6 (0)        ; 0 (0)             ; 0 (0)            ; 0 (0)           ; 0 (0)      ; |Garagem|Estacionamento:inst1|ComparadorA:inst32|Comparador:inst3|7485:inst            ; work         ;
;                |f7485:sub|          ; 6 (6)       ; 0            ; 0           ; 0    ; 6 (6)        ; 0 (0)             ; 0 (0)            ; 0 (0)           ; 0 (0)      ; |Garagem|Estacionamento:inst1|ComparadorA:inst32|Comparador:inst3|7485:inst|f7485:sub  ; work         ;
;          |Decoders:inst4|           ; 25 (25)     ; 0            ; 0           ; 0    ; 25 (25)      ; 0 (0)             ; 0 (0)            ; 0 (0)           ; 0 (0)      ; |Garagem|Estacionamento:inst1|ComparadorA:inst32|Decoders:inst4                        ; work         ;
;       |Debouncer:inst12|            ; 5 (5)       ; 4            ; 0           ; 0    ; 1 (1)        ; 3 (3)             ; 1 (1)            ; 0 (0)           ; 0 (0)      ; |Garagem|Estacionamento:inst1|Debouncer:inst12                                         ; work         ;
;       |Debouncer:inst13|            ; 5 (5)       ; 4            ; 0           ; 0    ; 1 (1)        ; 3 (3)             ; 1 (1)            ; 0 (0)           ; 0 (0)      ; |Garagem|Estacionamento:inst1|Debouncer:inst13                                         ; work         ;
;       |Debouncer:inst14|            ; 5 (5)       ; 4            ; 0           ; 0    ; 1 (1)        ; 3 (3)             ; 1 (1)            ; 0 (0)           ; 0 (0)      ; |Garagem|Estacionamento:inst1|Debouncer:inst14                                         ; work         ;
;    |LetrasMatriz:inst25|            ; 6 (0)       ; 0            ; 0           ; 0    ; 6 (0)        ; 0 (0)             ; 0 (0)            ; 0 (0)           ; 0 (0)      ; |Garagem|LetrasMatriz:inst25                                                           ; work         ;
;       |GerenciadorLinhaColuna:inst| ; 6 (0)       ; 0            ; 0           ; 0    ; 6 (0)        ; 0 (0)             ; 0 (0)            ; 0 (0)           ; 0 (0)      ; |Garagem|LetrasMatriz:inst25|GerenciadorLinhaColuna:inst                               ; work         ;
;          |MuxLetras:inst17|         ; 1 (1)       ; 0            ; 0           ; 0    ; 1 (1)        ; 0 (0)             ; 0 (0)            ; 0 (0)           ; 0 (0)      ; |Garagem|LetrasMatriz:inst25|GerenciadorLinhaColuna:inst|MuxLetras:inst17              ; work         ;
;          |MuxLetras:inst21|         ; 1 (1)       ; 0            ; 0           ; 0    ; 1 (1)        ; 0 (0)             ; 0 (0)            ; 0 (0)           ; 0 (0)      ; |Garagem|LetrasMatriz:inst25|GerenciadorLinhaColuna:inst|MuxLetras:inst21              ; work         ;
;          |MuxLetras:inst22|         ; 1 (1)       ; 0            ; 0           ; 0    ; 1 (1)        ; 0 (0)             ; 0 (0)            ; 0 (0)           ; 0 (0)      ; |Garagem|LetrasMatriz:inst25|GerenciadorLinhaColuna:inst|MuxLetras:inst22              ; work         ;
;          |MuxLetras:inst25|         ; 1 (1)       ; 0            ; 0           ; 0    ; 1 (1)        ; 0 (0)             ; 0 (0)            ; 0 (0)           ; 0 (0)      ; |Garagem|LetrasMatriz:inst25|GerenciadorLinhaColuna:inst|MuxLetras:inst25              ; work         ;
;          |MuxLetras:inst26|         ; 1 (1)       ; 0            ; 0           ; 0    ; 1 (1)        ; 0 (0)             ; 0 (0)            ; 0 (0)           ; 0 (0)      ; |Garagem|LetrasMatriz:inst25|GerenciadorLinhaColuna:inst|MuxLetras:inst26              ; work         ;
;          |MuxLetras:inst28|         ; 1 (1)       ; 0            ; 0           ; 0    ; 1 (1)        ; 0 (0)             ; 0 (0)            ; 0 (0)           ; 0 (0)      ; |Garagem|LetrasMatriz:inst25|GerenciadorLinhaColuna:inst|MuxLetras:inst28              ; work         ;
;    |MUX:inst32|                     ; 26 (26)     ; 0            ; 0           ; 0    ; 26 (26)      ; 0 (0)             ; 0 (0)            ; 0 (0)           ; 0 (0)      ; |Garagem|MUX:inst32                                                                    ; work         ;
;    |seletor2:inst3|                 ; 2 (2)       ; 2            ; 0           ; 0    ; 0 (0)        ; 0 (0)             ; 2 (2)            ; 0 (0)           ; 0 (0)      ; |Garagem|seletor2:inst3                                                                ; work         ;
;    |seletor:inst|                   ; 15 (10)     ; 7            ; 0           ; 0    ; 8 (8)        ; 0 (0)             ; 7 (2)            ; 5 (0)           ; 0 (0)      ; |Garagem|seletor:inst                                                                  ; work         ;
;       |74161:inst117|               ; 3 (0)       ; 3            ; 0           ; 0    ; 0 (0)        ; 0 (0)             ; 3 (0)            ; 3 (0)           ; 0 (0)      ; |Garagem|seletor:inst|74161:inst117                                                    ; work         ;
;          |f74161:sub|               ; 3 (3)       ; 3            ; 0           ; 0    ; 0 (0)        ; 0 (0)             ; 3 (3)            ; 3 (3)           ; 0 (0)      ; |Garagem|seletor:inst|74161:inst117|f74161:sub                                         ; work         ;
;       |74161:inst118|               ; 2 (0)       ; 2            ; 0           ; 0    ; 0 (0)        ; 0 (0)             ; 2 (0)            ; 2 (0)           ; 0 (0)      ; |Garagem|seletor:inst|74161:inst118                                                    ; work         ;
;          |f74161:sub|               ; 2 (2)       ; 2            ; 0           ; 0    ; 0 (0)        ; 0 (0)             ; 2 (2)            ; 2 (2)           ; 0 (0)      ; |Garagem|seletor:inst|74161:inst118|f74161:sub                                         ; work         ;
+-------------------------------------+-------------+--------------+-------------+------+--------------+-------------------+------------------+-----------------+------------+----------------------------------------------------------------------------------------+--------------+
Note: For table entries with two numbers listed, the numbers in parentheses indicate the number of resources of the given type used by the specific entity alone. The numbers listed outside of parentheses indicate the total resources of the given type used by the specific entity and all of its sub-entities in the hierarchy.


+---------------------------------------------------------------------------------+
; Registers Removed During Synthesis                                              ;
+----------------------------------------+----------------------------------------+
; Register name                          ; Reason for Removal                     ;
+----------------------------------------+----------------------------------------+
; Pedagio:inst35|74173:A10|9             ; Stuck at GND due to stuck port data_in ;
; Pedagio:inst35|74173:A10|8             ; Stuck at VCC due to stuck port data_in ;
; Pedagio:inst35|74173:A10|7             ; Stuck at GND due to stuck port data_in ;
; Pedagio:inst35|74173:A10|6             ; Stuck at GND due to stuck port data_in ;
; Pedagio:inst35|74173:C3|9              ; Stuck at GND due to stuck port data_in ;
; Pedagio:inst35|74173:C3|8              ; Stuck at GND due to stuck port data_in ;
; Pedagio:inst35|74173:C3|7              ; Stuck at GND due to stuck port data_in ;
; Pedagio:inst35|74173:C3|6              ; Stuck at GND due to stuck port data_in ;
; Pedagio:inst35|74173:B10|9             ; Stuck at GND due to stuck port data_in ;
; Pedagio:inst35|74173:B10|8             ; Stuck at GND due to stuck port data_in ;
; Pedagio:inst35|74173:B10|7             ; Stuck at VCC due to stuck port data_in ;
; Pedagio:inst35|74173:B10|6             ; Stuck at GND due to stuck port data_in ;
; Pedagio:inst35|74173:C10|9             ; Stuck at GND due to stuck port data_in ;
; Pedagio:inst35|74173:C10|8             ; Stuck at GND due to stuck port data_in ;
; Pedagio:inst35|74173:C10|7             ; Stuck at GND due to stuck port data_in ;
; Pedagio:inst35|74173:C10|6             ; Stuck at VCC due to stuck port data_in ;
; Pedagio:inst35|74173:A1|9              ; Stuck at GND due to stuck port data_in ;
; Pedagio:inst35|74173:A1|8              ; Stuck at GND due to stuck port data_in ;
; Pedagio:inst35|74173:A1|7              ; Stuck at GND due to stuck port data_in ;
; Pedagio:inst35|74173:A1|6              ; Stuck at GND due to stuck port data_in ;
; Pedagio:inst35|74173:C2|9              ; Stuck at GND due to stuck port data_in ;
; Pedagio:inst35|74173:C2|8              ; Stuck at GND due to stuck port data_in ;
; Pedagio:inst35|74173:C2|7              ; Stuck at GND due to stuck port data_in ;
; Pedagio:inst35|74173:C2|6              ; Stuck at GND due to stuck port data_in ;
; Pedagio:inst35|74173:C1|9              ; Stuck at GND due to stuck port data_in ;
; Pedagio:inst35|74173:C1|8              ; Stuck at GND due to stuck port data_in ;
; Pedagio:inst35|74173:C1|7              ; Stuck at GND due to stuck port data_in ;
; Pedagio:inst35|74173:C1|6              ; Stuck at GND due to stuck port data_in ;
; Pedagio:inst35|74173:B1|9              ; Stuck at GND due to stuck port data_in ;
; Pedagio:inst35|74173:B1|8              ; Stuck at GND due to stuck port data_in ;
; Pedagio:inst35|74173:B1|7              ; Stuck at GND due to stuck port data_in ;
; Pedagio:inst35|74173:B1|6              ; Stuck at GND due to stuck port data_in ;
; Estacionamento:inst1|74173:inst48|9    ; Stuck at GND due to stuck port data_in ;
; Estacionamento:inst1|74173:inst48|8    ; Stuck at GND due to stuck port data_in ;
; Estacionamento:inst1|74173:inst48|7    ; Stuck at GND due to stuck port data_in ;
; Estacionamento:inst1|74173:inst48|6    ; Stuck at GND due to stuck port data_in ;
; Estacionamento:inst1|74173:inst46|9    ; Stuck at GND due to stuck port data_in ;
; Estacionamento:inst1|74173:inst46|8    ; Stuck at GND due to stuck port data_in ;
; Estacionamento:inst1|74173:inst46|7    ; Stuck at GND due to stuck port data_in ;
; Estacionamento:inst1|74173:inst46|6    ; Stuck at GND due to stuck port data_in ;
; Divisor:inst11|inst72                  ; Merged with seletor2:inst3|inst        ;
; Divisor:inst11|inst37                  ; Merged with seletor2:inst3|inst1       ;
; Total Number of Removed Registers = 42 ;                                        ;
+----------------------------------------+----------------------------------------+


+------------------------------------------------------+
; General Register Statistics                          ;
+----------------------------------------------+-------+
; Statistic                                    ; Value ;
+----------------------------------------------+-------+
; Total registers                              ; 113   ;
; Number of registers using Synchronous Clear  ; 0     ;
; Number of registers using Synchronous Load   ; 0     ;
; Number of registers using Asynchronous Clear ; 30    ;
; Number of registers using Asynchronous Load  ; 0     ;
; Number of registers using Clock Enable       ; 0     ;
; Number of registers using Preset             ; 0     ;
+----------------------------------------------+-------+


+--------------------------------------------------+
; Inverted Register Statistics                     ;
+----------------------------------------+---------+
; Inverted Register                      ; Fan out ;
+----------------------------------------+---------+
; Estacionamento:inst1|74190:tens63|50   ; 11      ;
; Estacionamento:inst1|74190:tens63|48   ; 11      ;
; Estacionamento:inst1|74190:tens|48     ; 11      ;
; Estacionamento:inst1|74190:tens62|49   ; 10      ;
; Total number of inverted registers = 4 ;         ;
+----------------------------------------+---------+


+---------------------------------------------------------------------------+
; Parameter Settings for User Entity Instance: Divisor:inst11|74161:inst116 ;
+------------------------+--------+-----------------------------------------+
; Parameter Name         ; Value  ; Type                                    ;
+------------------------+--------+-----------------------------------------+
; DEVICE_FAMILY          ; ACEX1K ; Untyped                                 ;
; AUTO_CARRY_CHAINS      ; ON     ; AUTO_CARRY                              ;
; IGNORE_CARRY_BUFFERS   ; OFF    ; IGNORE_CARRY                            ;
; AUTO_CASCADE_CHAINS    ; ON     ; AUTO_CASCADE                            ;
; IGNORE_CASCADE_BUFFERS ; OFF    ; IGNORE_CASCADE                          ;
+------------------------+--------+-----------------------------------------+
Note: In order to hide this table in the UI and the text report file, please set the "Show Parameter Settings Tables in Synthesis Report" option in "Analysis and Synthesis Settings -> More Settings" to "Off".


+---------------------------------------------------------------------------+
; Parameter Settings for User Entity Instance: Divisor:inst11|74161:inst114 ;
+------------------------+--------+-----------------------------------------+
; Parameter Name         ; Value  ; Type                                    ;
+------------------------+--------+-----------------------------------------+
; DEVICE_FAMILY          ; ACEX1K ; Untyped                                 ;
; AUTO_CARRY_CHAINS      ; ON     ; AUTO_CARRY                              ;
; IGNORE_CARRY_BUFFERS   ; OFF    ; IGNORE_CARRY                            ;
; AUTO_CASCADE_CHAINS    ; ON     ; AUTO_CASCADE                            ;
; IGNORE_CASCADE_BUFFERS ; OFF    ; IGNORE_CASCADE                          ;
+------------------------+--------+-----------------------------------------+
Note: In order to hide this table in the UI and the text report file, please set the "Show Parameter Settings Tables in Synthesis Report" option in "Analysis and Synthesis Settings -> More Settings" to "Off".


+---------------------------------------------------------------------------+
; Parameter Settings for User Entity Instance: Divisor:inst11|74161:inst112 ;
+------------------------+--------+-----------------------------------------+
; Parameter Name         ; Value  ; Type                                    ;
+------------------------+--------+-----------------------------------------+
; DEVICE_FAMILY          ; ACEX1K ; Untyped                                 ;
; AUTO_CARRY_CHAINS      ; ON     ; AUTO_CARRY                              ;
; IGNORE_CARRY_BUFFERS   ; OFF    ; IGNORE_CARRY                            ;
; AUTO_CASCADE_CHAINS    ; ON     ; AUTO_CASCADE                            ;
; IGNORE_CASCADE_BUFFERS ; OFF    ; IGNORE_CASCADE                          ;
+------------------------+--------+-----------------------------------------+
Note: In order to hide this table in the UI and the text report file, please set the "Show Parameter Settings Tables in Synthesis Report" option in "Analysis and Synthesis Settings -> More Settings" to "Off".


+---------------------------------------------------------------------------+
; Parameter Settings for User Entity Instance: Divisor:inst11|74161:inst113 ;
+------------------------+--------+-----------------------------------------+
; Parameter Name         ; Value  ; Type                                    ;
+------------------------+--------+-----------------------------------------+
; DEVICE_FAMILY          ; ACEX1K ; Untyped                                 ;
; AUTO_CARRY_CHAINS      ; ON     ; AUTO_CARRY                              ;
; IGNORE_CARRY_BUFFERS   ; OFF    ; IGNORE_CARRY                            ;
; AUTO_CASCADE_CHAINS    ; ON     ; AUTO_CASCADE                            ;
; IGNORE_CASCADE_BUFFERS ; OFF    ; IGNORE_CASCADE                          ;
+------------------------+--------+-----------------------------------------+
Note: In order to hide this table in the UI and the text report file, please set the "Show Parameter Settings Tables in Synthesis Report" option in "Analysis and Synthesis Settings -> More Settings" to "Off".


+------------------------------------------------------------------------------------------------------------------+
; Parameter Settings for User Entity Instance: Estacionamento:inst1|ComparadorA:inst32|Comparador:inst1|7485:inst1 ;
+------------------------+--------+--------------------------------------------------------------------------------+
; Parameter Name         ; Value  ; Type                                                                           ;
+------------------------+--------+--------------------------------------------------------------------------------+
; DEVICE_FAMILY          ; ACEX1K ; Untyped                                                                        ;
; AUTO_CARRY_CHAINS      ; ON     ; AUTO_CARRY                                                                     ;
; IGNORE_CARRY_BUFFERS   ; OFF    ; IGNORE_CARRY                                                                   ;
; AUTO_CASCADE_CHAINS    ; ON     ; AUTO_CASCADE                                                                   ;
; IGNORE_CASCADE_BUFFERS ; OFF    ; IGNORE_CASCADE                                                                 ;
+------------------------+--------+--------------------------------------------------------------------------------+
Note: In order to hide this table in the UI and the text report file, please set the "Show Parameter Settings Tables in Synthesis Report" option in "Analysis and Synthesis Settings -> More Settings" to "Off".


+-----------------------------------------------------------------------------------------------------------------+
; Parameter Settings for User Entity Instance: Estacionamento:inst1|ComparadorA:inst32|Comparador:inst1|7485:inst ;
+------------------------+--------+-------------------------------------------------------------------------------+
; Parameter Name         ; Value  ; Type                                                                          ;
+------------------------+--------+-------------------------------------------------------------------------------+
; DEVICE_FAMILY          ; ACEX1K ; Untyped                                                                       ;
; AUTO_CARRY_CHAINS      ; ON     ; AUTO_CARRY                                                                    ;
; IGNORE_CARRY_BUFFERS   ; OFF    ; IGNORE_CARRY                                                                  ;
; AUTO_CASCADE_CHAINS    ; ON     ; AUTO_CASCADE                                                                  ;
; IGNORE_CASCADE_BUFFERS ; OFF    ; IGNORE_CASCADE                                                                ;
+------------------------+--------+-------------------------------------------------------------------------------+
Note: In order to hide this table in the UI and the text report file, please set the "Show Parameter Settings Tables in Synthesis Report" option in "Analysis and Synthesis Settings -> More Settings" to "Off".


+------------------------------------------------------------------------------------------------------------------+
; Parameter Settings for User Entity Instance: Estacionamento:inst1|ComparadorA:inst32|Comparador:inst2|7485:inst1 ;
+------------------------+--------+--------------------------------------------------------------------------------+
; Parameter Name         ; Value  ; Type                                                                           ;
+------------------------+--------+--------------------------------------------------------------------------------+
; DEVICE_FAMILY          ; ACEX1K ; Untyped                                                                        ;
; AUTO_CARRY_CHAINS      ; ON     ; AUTO_CARRY                                                                     ;
; IGNORE_CARRY_BUFFERS   ; OFF    ; IGNORE_CARRY                                                                   ;
; AUTO_CASCADE_CHAINS    ; ON     ; AUTO_CASCADE                                                                   ;
; IGNORE_CASCADE_BUFFERS ; OFF    ; IGNORE_CASCADE                                                                 ;
+------------------------+--------+--------------------------------------------------------------------------------+
Note: In order to hide this table in the UI and the text report file, please set the "Show Parameter Settings Tables in Synthesis Report" option in "Analysis and Synthesis Settings -> More Settings" to "Off".


+-----------------------------------------------------------------------------------------------------------------+
; Parameter Settings for User Entity Instance: Estacionamento:inst1|ComparadorA:inst32|Comparador:inst2|7485:inst ;
+------------------------+--------+-------------------------------------------------------------------------------+
; Parameter Name         ; Value  ; Type                                                                          ;
+------------------------+--------+-------------------------------------------------------------------------------+
; DEVICE_FAMILY          ; ACEX1K ; Untyped                                                                       ;
; AUTO_CARRY_CHAINS      ; ON     ; AUTO_CARRY                                                                    ;
; IGNORE_CARRY_BUFFERS   ; OFF    ; IGNORE_CARRY                                                                  ;
; AUTO_CASCADE_CHAINS    ; ON     ; AUTO_CASCADE                                                                  ;
; IGNORE_CASCADE_BUFFERS ; OFF    ; IGNORE_CASCADE                                                                ;
+------------------------+--------+-------------------------------------------------------------------------------+
Note: In order to hide this table in the UI and the text report file, please set the "Show Parameter Settings Tables in Synthesis Report" option in "Analysis and Synthesis Settings -> More Settings" to "Off".


+------------------------------------------------------------------------------------------------------------------+
; Parameter Settings for User Entity Instance: Estacionamento:inst1|ComparadorA:inst32|Comparador:inst3|7485:inst1 ;
+------------------------+--------+--------------------------------------------------------------------------------+
; Parameter Name         ; Value  ; Type                                                                           ;
+------------------------+--------+--------------------------------------------------------------------------------+
; DEVICE_FAMILY          ; ACEX1K ; Untyped                                                                        ;
; AUTO_CARRY_CHAINS      ; ON     ; AUTO_CARRY                                                                     ;
; IGNORE_CARRY_BUFFERS   ; OFF    ; IGNORE_CARRY                                                                   ;
; AUTO_CASCADE_CHAINS    ; ON     ; AUTO_CASCADE                                                                   ;
; IGNORE_CASCADE_BUFFERS ; OFF    ; IGNORE_CASCADE                                                                 ;
+------------------------+--------+--------------------------------------------------------------------------------+
Note: In order to hide this table in the UI and the text report file, please set the "Show Parameter Settings Tables in Synthesis Report" option in "Analysis and Synthesis Settings -> More Settings" to "Off".


+-----------------------------------------------------------------------------------------------------------------+
; Parameter Settings for User Entity Instance: Estacionamento:inst1|ComparadorA:inst32|Comparador:inst3|7485:inst ;
+------------------------+--------+-------------------------------------------------------------------------------+
; Parameter Name         ; Value  ; Type                                                                          ;
+------------------------+--------+-------------------------------------------------------------------------------+
; DEVICE_FAMILY          ; ACEX1K ; Untyped                                                                       ;
; AUTO_CARRY_CHAINS      ; ON     ; AUTO_CARRY                                                                    ;
; IGNORE_CARRY_BUFFERS   ; OFF    ; IGNORE_CARRY                                                                  ;
; AUTO_CASCADE_CHAINS    ; ON     ; AUTO_CASCADE                                                                  ;
; IGNORE_CASCADE_BUFFERS ; OFF    ; IGNORE_CASCADE                                                                ;
+------------------------+--------+-------------------------------------------------------------------------------+
Note: In order to hide this table in the UI and the text report file, please set the "Show Parameter Settings Tables in Synthesis Report" option in "Analysis and Synthesis Settings -> More Settings" to "Off".


+-------------------------------------------------------------------------+
; Parameter Settings for User Entity Instance: seletor:inst|74161:inst118 ;
+------------------------+--------+---------------------------------------+
; Parameter Name         ; Value  ; Type                                  ;
+------------------------+--------+---------------------------------------+
; DEVICE_FAMILY          ; ACEX1K ; Untyped                               ;
; AUTO_CARRY_CHAINS      ; ON     ; AUTO_CARRY                            ;
; IGNORE_CARRY_BUFFERS   ; OFF    ; IGNORE_CARRY                          ;
; AUTO_CASCADE_CHAINS    ; ON     ; AUTO_CASCADE                          ;
; IGNORE_CASCADE_BUFFERS ; OFF    ; IGNORE_CASCADE                        ;
+------------------------+--------+---------------------------------------+
Note: In order to hide this table in the UI and the text report file, please set the "Show Parameter Settings Tables in Synthesis Report" option in "Analysis and Synthesis Settings -> More Settings" to "Off".


+-------------------------------------------------------------------------+
; Parameter Settings for User Entity Instance: seletor:inst|74161:inst117 ;
+------------------------+--------+---------------------------------------+
; Parameter Name         ; Value  ; Type                                  ;
+------------------------+--------+---------------------------------------+
; DEVICE_FAMILY          ; ACEX1K ; Untyped                               ;
; AUTO_CARRY_CHAINS      ; ON     ; AUTO_CARRY                            ;
; IGNORE_CARRY_BUFFERS   ; OFF    ; IGNORE_CARRY                          ;
; AUTO_CASCADE_CHAINS    ; ON     ; AUTO_CASCADE                          ;
; IGNORE_CASCADE_BUFFERS ; OFF    ; IGNORE_CASCADE                        ;
+------------------------+--------+---------------------------------------+
Note: In order to hide this table in the UI and the text report file, please set the "Show Parameter Settings Tables in Synthesis Report" option in "Analysis and Synthesis Settings -> More Settings" to "Off".


+-------------------------------+
; Analysis & Synthesis Messages ;
+-------------------------------+
Info: *******************************************************************
Info: Running Quartus II Analysis & Synthesis
    Info: Version 9.0 Build 235 06/17/2009 Service Pack 2 SJ Web Edition
    Info: Processing started: Tue Jan 16 16:08:50 2018
Info: Command: quartus_map --read_settings_files=on --write_settings_files=off Estacionamento -c Estacionamento
Info: Found 1 design units, including 1 entities, in source file Estacionamento.bdf
    Info: Found entity 1: Estacionamento
Info: Found 1 design units, including 1 entities, in source file Garagem.bdf
    Info: Found entity 1: Garagem
Info: Found 1 design units, including 1 entities, in source file Pedagio.bdf
    Info: Found entity 1: Pedagio
Info: Found 1 design units, including 1 entities, in source file Vagas.bdf
    Info: Found entity 1: Vagas
Info: Found 1 design units, including 1 entities, in source file Clocks124.bdf
    Info: Found entity 1: Clocks124
Info: Found 1 design units, including 1 entities, in source file MUXs.bdf
    Info: Found entity 1: MUXs
Info: Found 1 design units, including 1 entities, in source file Comparador.bdf
    Info: Found entity 1: Comparador
Info: Found 1 design units, including 1 entities, in source file ComparadorA.bdf
    Info: Found entity 1: ComparadorA
Info: Found 1 design units, including 1 entities, in source file Debouncer.bdf
    Info: Found entity 1: Debouncer
Info: Found 1 design units, including 1 entities, in source file Decoders.bdf
    Info: Found entity 1: Decoders
Info: Found 1 design units, including 1 entities, in source file seletor2.bdf
    Info: Found entity 1: seletor2
Warning: Can't analyze file -- file C:/Users/Gabriel Yago M/Desktop/Block1.bdf is missing
Info: Elaborating entity "Garagem" for the top level hierarchy
Warning: Block or symbol "NOT" of instance "inst27" overlaps another block or symbol
Warning: Block or symbol "NOT" of instance "inst7" overlaps another block or symbol
Warning: Block or symbol "NOT" of instance "inst9" overlaps another block or symbol
Warning: Block or symbol "NOT" of instance "inst21" overlaps another block or symbol
Warning: Block or symbol "NOT" of instance "inst29" overlaps another block or symbol
Warning: Block or symbol "NOT" of instance "inst14" overlaps another block or symbol
Warning: Pin "A" not connected
Warning: Pin "B" not connected
Warning: Primitive "NOT" of instance "inst27" not used
Warning: Primitive "NOT" of instance "inst28" not used
Info: Elaborating entity "74139o" for hierarchy "74139o:inst6"
Info: Elaborated megafunction instantiation "74139o:inst6"
Info: Elaborating entity "seletor2" for hierarchy "seletor2:inst3"
Warning: Primitive "JKFF" of instance "inst3" not used
Warning: Primitive "JKFF" of instance "inst4" not used
Warning: Primitive "OR2" of instance "inst5" not used
Warning: Primitive "OR2" of instance "inst6" not used
Warning: Primitive "NOT" of instance "inst7" not used
Warning: Using design file Divisor.bdf, which is not specified as a design file for the current project, but contains definitions for 1 design units and 1 entities in project
    Info: Found entity 1: Divisor
Info: Elaborating entity "Divisor" for hierarchy "Divisor:inst11"
Info: Elaborating entity "74161" for hierarchy "Divisor:inst11|74161:inst116"
Info: Elaborated megafunction instantiation "Divisor:inst11|74161:inst116"
Info: Elaborating entity "f74161" for hierarchy "Divisor:inst11|74161:inst116|f74161:sub"
Info: Elaborated megafunction instantiation "Divisor:inst11|74161:inst116|f74161:sub", which is child of megafunction instantiation "Divisor:inst11|74161:inst116"
Info: Elaborating entity "74161" for hierarchy "Divisor:inst11|74161:inst114"
Info: Elaborated megafunction instantiation "Divisor:inst11|74161:inst114"
Info: Elaborating entity "74161" for hierarchy "Divisor:inst11|74161:inst112"
Info: Elaborated megafunction instantiation "Divisor:inst11|74161:inst112"
Info: Elaborating entity "74161" for hierarchy "Divisor:inst11|74161:inst113"
Info: Elaborated megafunction instantiation "Divisor:inst11|74161:inst113"
Info: Elaborating entity "7449" for hierarchy "7449:inst5"
Info: Elaborated megafunction instantiation "7449:inst5"
Warning: Entity "MUX" obtained from "C:/Users/Gabriel Yago M/Desktop/2017.2/CD_2017.2/PBLs/2/PBL2/MUX.bdf" instead of from Quartus II megafunction library
Warning: Using design file MUX.bdf, which is not specified as a design file for the current project, but contains definitions for 1 design units and 1 entities in project
    Info: Found entity 1: MUX
Info: Elaborating entity "MUX" for hierarchy "MUX:inst32"
Warning: Block or symbol "AND3" of instance "inst37" overlaps another block or symbol
Info: Elaborating entity "Estacionamento" for hierarchy "Estacionamento:inst1"
Info: Elaborating entity "74173" for hierarchy "Estacionamento:inst1|74173:inst27"
Info: Elaborated megafunction instantiation "Estacionamento:inst1|74173:inst27"
Info: Elaborating entity "74190" for hierarchy "Estacionamento:inst1|74190:ones62"
Info: Elaborated megafunction instantiation "Estacionamento:inst1|74190:ones62"
Info: Elaborating entity "Debouncer" for hierarchy "Estacionamento:inst1|Debouncer:inst14"
Info: Elaborating entity "ComparadorA" for hierarchy "Estacionamento:inst1|ComparadorA:inst32"
Info: Elaborating entity "Decoders" for hierarchy "Estacionamento:inst1|ComparadorA:inst32|Decoders:inst4"
Warning: Block or symbol "AND2" of instance "inst9" overlaps another block or symbol
Warning: Block or symbol "AND2" of instance "inst13" overlaps another block or symbol
Warning: Block or symbol "AND2" of instance "inst16" overlaps another block or symbol
Info: Elaborating entity "Comparador" for hierarchy "Estacionamento:inst1|ComparadorA:inst32|Comparador:inst1"
Info: Elaborating entity "7485" for hierarchy "Estacionamento:inst1|ComparadorA:inst32|Comparador:inst1|7485:inst1"
Info: Elaborated megafunction instantiation "Estacionamento:inst1|ComparadorA:inst32|Comparador:inst1|7485:inst1"
Info: Elaborating entity "f7485" for hierarchy "Estacionamento:inst1|ComparadorA:inst32|Comparador:inst1|7485:inst1|f7485:sub"
Info: Elaborated megafunction instantiation "Estacionamento:inst1|ComparadorA:inst32|Comparador:inst1|7485:inst1|f7485:sub", which is child of megafunction instantiation "Estacionamento:inst1|ComparadorA:inst32|Comparador:inst1|7485:inst1"
Info: Elaborating entity "7485" for hierarchy "Estacionamento:inst1|ComparadorA:inst32|Comparador:inst1|7485:inst"
Info: Elaborated megafunction instantiation "Estacionamento:inst1|ComparadorA:inst32|Comparador:inst1|7485:inst"
Info: Elaborating entity "74138" for hierarchy "74138:inst2"
Info: Elaborated megafunction instantiation "74138:inst2"
Warning: Using design file seletor.bdf, which is not specified as a design file for the current project, but contains definitions for 1 design units and 1 entities in project
    Info: Found entity 1: seletor
Info: Elaborating entity "seletor" for hierarchy "seletor:inst"
Warning: Block or symbol "AND4" of instance "inst26" overlaps another block or symbol
Info: Elaborating entity "74161" for hierarchy "seletor:inst|74161:inst117"
Info: Elaborated megafunction instantiation "seletor:inst|74161:inst117"
Info: Elaborating entity "Pedagio" for hierarchy "Pedagio:inst35"
Warning: Using design file LetrasMatriz.bdf, which is not specified as a design file for the current project, but contains definitions for 1 design units and 1 entities in project
    Info: Found entity 1: LetrasMatriz
Info: Elaborating entity "LetrasMatriz" for hierarchy "LetrasMatriz:inst25"
Warning: Using design file GerenciadorLinhaColuna.bdf, which is not specified as a design file for the current project, but contains definitions for 1 design units and 1 entities in project
    Info: Found entity 1: GerenciadorLinhaColuna
Info: Elaborating entity "GerenciadorLinhaColuna" for hierarchy "LetrasMatriz:inst25|GerenciadorLinhaColuna:inst"
Warning: Using design file MuxLetras.bdf, which is not specified as a design file for the current project, but contains definitions for 1 design units and 1 entities in project
    Info: Found entity 1: MuxLetras
Info: Elaborating entity "MuxLetras" for hierarchy "LetrasMatriz:inst25|GerenciadorLinhaColuna:inst|MuxLetras:inst17"
Warning: Using design file LetraA.bdf, which is not specified as a design file for the current project, but contains definitions for 1 design units and 1 entities in project
    Info: Found entity 1: LetraA
Info: Elaborating entity "LetraA" for hierarchy "LetrasMatriz:inst25|LetraA:inst1"
Warning: Using design file LetraB.bdf, which is not specified as a design file for the current project, but contains definitions for 1 design units and 1 entities in project
    Info: Found entity 1: LetraB
Info: Elaborating entity "LetraB" for hierarchy "LetrasMatriz:inst25|LetraB:inst2"
Warning: Using design file LetraC.bdf, which is not specified as a design file for the current project, but contains definitions for 1 design units and 1 entities in project
    Info: Found entity 1: LetraC
Info: Elaborating entity "LetraC" for hierarchy "LetrasMatriz:inst25|LetraC:inst3"
Warning: Open-drain buffer(s) that do not directly drive top-level pin(s) are removed
    Warning: Converted the fanout from the open-drain buffer "Pedagio:inst35|74173:A1|43" to the node "MUX:inst32|inst39" into a wire
    Warning: Converted the fanout from the open-drain buffer "Pedagio:inst35|74173:A1|45" to the node "MUX:inst32|inst45" into a wire
    Warning: Converted the fanout from the open-drain buffer "Pedagio:inst35|74173:A1|42" to the node "MUX:inst32|inst35" into a wire
    Warning: Converted the fanout from the open-drain buffer "Pedagio:inst35|74173:A10|42" to the node "MUX:inst32|inst9" into a wire
    Warning: Converted the fanout from the open-drain buffer "Pedagio:inst35|74173:A1|44" to the node "MUX:inst32|inst42" into a wire
Warning: Tri-state node(s) do not directly drive top-level pin(s)
    Warning: Converted the fan-out from the tri-state buffer "Estacionamento:inst1|74173:inst31|43" to the node "MUX:inst32|inst37" into an OR gate
    Warning: Converted the fan-out from the tri-state buffer "Pedagio:inst35|74173:A10|43" to the node "MUX:inst32|inst4" into an OR gate
    Warning: Converted the fan-out from the tri-state buffer "Estacionamento:inst1|74173:inst33|43" to the node "MUX:inst32|inst38" into an OR gate
    Warning: Converted the fan-out from the tri-state buffer "Estacionamento:inst1|74173:inst31|45" to the node "MUX:inst32|inst43" into an OR gate
    Warning: Converted the fan-out from the tri-state buffer "Pedagio:inst35|74173:C10|45" to the node "MUX:inst32|inst13" into an OR gate
    Warning: Converted the fan-out from the tri-state buffer "Estacionamento:inst1|74173:inst33|45" to the node "MUX:inst32|inst44" into an OR gate
    Warning: Converted the fan-out from the tri-state buffer "Estacionamento:inst1|74173:inst31|42" to the node "MUX:inst32|inst33" into an OR gate
    Warning: Converted the fan-out from the tri-state buffer "Estacionamento:inst1|74173:inst33|42" to the node "MUX:inst32|inst34" into an OR gate
    Warning: Converted the fan-out from the tri-state buffer "Estacionamento:inst1|74173:inst31|44" to the node "MUX:inst32|inst40" into an OR gate
    Warning: Converted the fan-out from the tri-state buffer "Pedagio:inst35|74173:B10|44" to the node "MUX:inst32|inst10" into an OR gate
    Warning: Converted the fan-out from the tri-state buffer "Estacionamento:inst1|74173:inst33|44" to the node "MUX:inst32|inst41" into an OR gate
Info: Registers with preset signals will power-up high
Info: Converted 2 single input CARRY primitives to CARRY_SUM primitives
Warning: Design contains 2 input pin(s) that do not drive logic
    Warning (15610): No output dependent on input pin "A"
    Warning (15610): No output dependent on input pin "B"
Info: Implemented 318 device resources after synthesis - the final resource count might be different
    Info: Implemented 9 input pins
    Info: Implemented 26 output pins
    Info: Implemented 283 logic cells
Info: Quartus II Analysis & Synthesis was successful. 0 errors, 52 warnings
    Info: Peak virtual memory: 248 megabytes
    Info: Processing ended: Tue Jan 16 16:08:57 2018
    Info: Elapsed time: 00:00:07
    Info: Total CPU time (on all processors): 00:00:07


