Flow report for Estacionamento
Tue Jan 16 16:09:14 2018
Quartus II Version 9.0 Build 235 06/17/2009 Service Pack 2 SJ Web Edition


---------------------
; Table of Contents ;
---------------------
  1. Legal Notice
  2. Flow Summary
  3. Flow Settings
  4. Flow Non-Default Global Settings
  5. Flow Elapsed Time
  6. Flow OS Summary
  7. Flow Log



----------------
; Legal Notice ;
----------------
Copyright (C) 1991-2009 Altera Corporation
Your use of Altera Corporation's design tools, logic functions 
and other software and tools, and its AMPP partner logic 
functions, and any output files from any of the foregoing 
(including device programming or simulation files), and any 
associated documentation or information are expressly subject 
to the terms and conditions of the Altera Program License 
Subscription Agreement, Altera MegaCore Function License 
Agreement, or other applicable license agreement, including, 
without limitation, that your use is for the sole purpose of 
programming logic devices manufactured by Altera and sold by 
Altera or its authorized distributors.  Please refer to the 
applicable agreement for further details.



+------------------------------------------------------------------------+
; Flow Summary                                                           ;
+-------------------------+----------------------------------------------+
; Flow Status             ; Successful - Tue Jan 16 16:09:14 2018        ;
; Quartus II Version      ; 9.0 Build 235 06/17/2009 SP 2 SJ Web Edition ;
; Revision Name           ; Estacionamento                               ;
; Top-level Entity Name   ; Garagem                                      ;
; Family                  ; ACEX1K                                       ;
; Device                  ; EP1K100QC208-3                               ;
; Timing Models           ; Final                                        ;
; Met timing requirements ; No                                           ;
; Total logic elements    ; 289 / 4,992 ( 6 % )                          ;
; Total pins              ; 35 / 147 ( 24 % )                            ;
; Total memory bits       ; 0 / 49,152 ( 0 % )                           ;
; Total PLLs              ; 0                                            ;
+-------------------------+----------------------------------------------+


+-----------------------------------------+
; Flow Settings                           ;
+-------------------+---------------------+
; Option            ; Setting             ;
+-------------------+---------------------+
; Start date & time ; 01/16/2018 16:08:51 ;
; Main task         ; Compilation         ;
; Revision Name     ; Estacionamento      ;
+-------------------+---------------------+


+----------------------------------------------------------------------------------------------------------------------------------------------------------------------+
; Flow Non-Default Global Settings                                                                                                                                     ;
+------------------------------------+---------------------------------------------------------------------------------+----------------+-------------+----------------+
; Assignment Name                    ; Value                                                                           ; Default Value  ; Entity Name ; Section Id     ;
+------------------------------------+---------------------------------------------------------------------------------+----------------+-------------+----------------+
; COMPILER_SIGNATURE_ID              ; 93047529396762.151612973111884                                                  ; --             ; --          ; --             ;
; IP_TOOL_NAME                       ; LPM_COUNTER                                                                     ; --             ; --          ; --             ;
; IP_TOOL_NAME                       ; LPM_COUNTER                                                                     ; --             ; --          ; --             ;
; IP_TOOL_VERSION                    ; 9.0                                                                             ; --             ; --          ; --             ;
; IP_TOOL_VERSION                    ; 9.0                                                                             ; --             ; --          ; --             ;
; MAX_CORE_JUNCTION_TEMP             ; 85                                                                              ; --             ; --          ; --             ;
; MIN_CORE_JUNCTION_TEMP             ; 0                                                                               ; --             ; --          ; --             ;
; MISC_FILE                          ; lpm_counter0.tdf                                                                ; --             ; --          ; --             ;
; MISC_FILE                          ; lpm_counter0.bsf                                                                ; --             ; --          ; --             ;
; MISC_FILE                          ; lpm_counter0.inc                                                                ; --             ; --          ; --             ;
; MISC_FILE                          ; lpm_counter1.tdf                                                                ; --             ; --          ; --             ;
; MISC_FILE                          ; lpm_counter1.bsf                                                                ; --             ; --          ; --             ;
; MISC_FILE                          ; lpm_counter1.inc                                                                ; --             ; --          ; --             ;
; MISC_FILE                          ; C:/Users/Gabriel Yago M/Desktop/PBL2/Estacionamento.dpf                         ; --             ; --          ; --             ;
; MISC_FILE                          ; C:/Users/Gabriel Yago M/Desktop/2017.2/CD_2017.2/PBLs/2/PBL2/Estacionamento.dpf ; --             ; --          ; --             ;
; TOP_LEVEL_ENTITY                   ; Garagem                                                                         ; Estacionamento ; --          ; --             ;
; USE_GENERATED_PHYSICAL_CONSTRAINTS ; Off                                                                             ; --             ; --          ; eda_blast_fpga ;
+------------------------------------+---------------------------------------------------------------------------------+----------------+-------------+----------------+


+-----------------------------------------------------------------------------------------------------------------------------+
; Flow Elapsed Time                                                                                                           ;
+-------------------------+--------------+-------------------------+---------------------+------------------------------------+
; Module Name             ; Elapsed Time ; Average Processors Used ; Peak Virtual Memory ; Total CPU Time (on all processors) ;
+-------------------------+--------------+-------------------------+---------------------+------------------------------------+
; Analysis & Synthesis    ; 00:00:07     ; 1.0                     ; 248 MB              ; 00:00:06                           ;
; Fitter                  ; 00:00:09     ; 1.0                     ; 231 MB              ; 00:00:09                           ;
; Assembler               ; 00:00:02     ; 1.0                     ; 224 MB              ; 00:00:01                           ;
; Classic Timing Analyzer ; 00:00:03     ; 1.0                     ; 187 MB              ; 00:00:03                           ;
; Total                   ; 00:00:21     ; --                      ; --                  ; 00:00:19                           ;
+-------------------------+--------------+-------------------------+---------------------+------------------------------------+


+------------------------------------------------------------------------------------------+
; Flow OS Summary                                                                          ;
+-------------------------+------------------+---------------+------------+----------------+
; Module Name             ; Machine Hostname ; OS Name       ; OS Version ; Processor type ;
+-------------------------+------------------+---------------+------------+----------------+
; Analysis & Synthesis    ; ASUS             ; Windows Vista ; 6.2        ; x86_64         ;
; Fitter                  ; ASUS             ; Windows Vista ; 6.2        ; x86_64         ;
; Assembler               ; ASUS             ; Windows Vista ; 6.2        ; x86_64         ;
; Classic Timing Analyzer ; ASUS             ; Windows Vista ; 6.2        ; x86_64         ;
+-------------------------+------------------+---------------+------------+----------------+


------------
; Flow Log ;
------------
quartus_map --read_settings_files=on --write_settings_files=off Estacionamento -c Estacionamento
quartus_fit --read_settings_files=off --write_settings_files=off Estacionamento -c Estacionamento
quartus_asm --read_settings_files=off --write_settings_files=off Estacionamento -c Estacionamento
quartus_tan --read_settings_files=off --write_settings_files=off Estacionamento -c Estacionamento



